DEBUG:root:Order:2 3 10.0
DEBUG:root:Finish turn

DEBUG:root:Order:2 4 10.0
DEBUG:root:Finish turn

DEBUG:root:Order:2 19 15.0
DEBUG:root:Finish turn

DEBUG:root:Order:2 20 15.0
DEBUG:root:Order:2 4 37
DEBUG:root:Finish turn

DEBUG:root:Order:2 15 20.0
DEBUG:root:Bad order:4 3.0 8
DEBUG:root:Finish turn

DEBUG:root:Order:4 16 20.0
DEBUG:root:Order:2 4 3
DEBUG:root:Finish turn

DEBUG:root:Order:2 4 1
DEBUG:root:Finish turn

DEBUG:root:Order:4 0 26.0
DEBUG:root:Order:2 19 15
DEBUG:root:Order:2 4 7
DEBUG:root:Finish turn

DEBUG:root:Order:2 19 2
DEBUG:root:Order:2 4 1
DEBUG:root:Finish turn

DEBUG:root:Order:2 19 1
DEBUG:root:Order:2 4 2
DEBUG:root:Finish turn

DEBUG:root:Order:2 19 1
DEBUG:root:Finish turn

DEBUG:root:Order:2 15 10
DEBUG:root:Order:4 15 7
DEBUG:root:Order:19 15 4
DEBUG:root:Finish turn

DEBUG:root:Order:2 15 2
DEBUG:root:Order:2 19 1
DEBUG:root:Finish turn

DEBUG:root:Order:2 19 1
DEBUG:root:Order:2 4 2
DEBUG:root:Finish turn

DEBUG:root:Order:2 19 1
DEBUG:root:Finish turn

DEBUG:root:Order:2 19 2
DEBUG:root:Finish turn

DEBUG:root:Order:2 19 3
DEBUG:root:Order:2 4 1
DEBUG:root:Finish turn

DEBUG:root:Order:2 19 1
DEBUG:root:Order:2 4 1
DEBUG:root:Order:15 4 1
DEBUG:root:Finish turn

DEBUG:root:Order:2 19 1
DEBUG:root:Finish turn

DEBUG:root:Order:15 9 40.0
DEBUG:root:Order:2 15 12
DEBUG:root:Order:4 15 9
DEBUG:root:Order:19 15 6
DEBUG:root:Finish turn

DEBUG:root:Order:2 0 11
DEBUG:root:Order:4 0 8
DEBUG:root:Order:19 0 7
DEBUG:root:Order:15 0 6
DEBUG:root:Finish turn

DEBUG:root:Order:2 19 1
DEBUG:root:Order:2 4 2
DEBUG:root:Finish turn

DEBUG:root:Order:2 19 1
DEBUG:root:Finish turn

DEBUG:root:Order:2 19 2
DEBUG:root:Finish turn

DEBUG:root:Order:2 19 3
DEBUG:root:Order:2 4 1
DEBUG:root:Finish turn

DEBUG:root:Order:2 19 1
DEBUG:root:Order:2 4 1
DEBUG:root:Order:15 4 1
DEBUG:root:Finish turn

DEBUG:root:Order:2 19 1
DEBUG:root:Finish turn

DEBUG:root:Order:15 10 40.0
DEBUG:root:Order:2 15 12
DEBUG:root:Order:4 15 9
DEBUG:root:Order:19 15 6
DEBUG:root:Finish turn

DEBUG:root:Order:2 15 2
DEBUG:root:Order:2 19 1
DEBUG:root:Finish turn

DEBUG:root:Order:2 19 11
DEBUG:root:Order:4 19 8
DEBUG:root:Finish turn

DEBUG:root:Order:2 0 11
DEBUG:root:Order:4 0 8
DEBUG:root:Order:19 0 5
DEBUG:root:Finish turn

DEBUG:root:Order:2 0 1
DEBUG:root:Order:2 19 1
DEBUG:root:Order:2 4 2
DEBUG:root:Finish turn

DEBUG:root:Order:2 0 1
DEBUG:root:Order:2 19 1
DEBUG:root:Finish turn

DEBUG:root:Order:2 0 1
DEBUG:root:Order:2 19 1
DEBUG:root:Finish turn

DEBUG:root:Order:2 9 20
DEBUG:root:Order:4 9 18
DEBUG:root:Order:0 9 4
DEBUG:root:Order:0 15 15
DEBUG:root:Order:19 15 11
DEBUG:root:Finish turn

DEBUG:root:Order:2 0 2
DEBUG:root:Order:19 0 2
DEBUG:root:Finish turn

DEBUG:root:Order:2 0 2
DEBUG:root:Order:2 4 3
DEBUG:root:Order:15 4 1
DEBUG:root:Finish turn

DEBUG:root:Order:4 19 2
DEBUG:root:Order:4 9 1
DEBUG:root:Finish turn

DEBUG:root:Order:2 19 2
DEBUG:root:Order:2 4 1
DEBUG:root:Order:2 9 1
DEBUG:root:Finish turn

DEBUG:root:Order:2 19 1
DEBUG:root:Order:2 4 1
DEBUG:root:Order:15 4 1
DEBUG:root:Finish turn

DEBUG:root:Order:2 19 7
DEBUG:root:Order:4 19 6
DEBUG:root:Order:15 19 6
DEBUG:root:Finish turn

DEBUG:root:Order:2 19 1
DEBUG:root:Order:2 4 2
DEBUG:root:Finish turn

DEBUG:root:Order:2 19 1
DEBUG:root:Finish turn

DEBUG:root:Order:2 9 11
DEBUG:root:Order:15 9 9
DEBUG:root:Order:4 9 8
DEBUG:root:Order:19 9 5
DEBUG:root:Finish turn

DEBUG:root:Order:2 9 3
DEBUG:root:Order:2 19 1
DEBUG:root:Finish turn

DEBUG:root:Order:15 5 46.0
DEBUG:root:Order:2 15 16
DEBUG:root:Order:4 15 13
DEBUG:root:Bad order:4 3.0 14
DEBUG:root:Order:9 0 14
DEBUG:root:Order:19 0 13
DEBUG:root:Finish turn

DEBUG:root:Order:2 0 3
DEBUG:root:Order:2 19 1
DEBUG:root:Finish turn

DEBUG:root:Order:2 0 1
DEBUG:root:Order:2 19 1
DEBUG:root:Order:2 9 1
DEBUG:root:Finish turn

DEBUG:root:Order:2 19 1
DEBUG:root:Order:15 19 1
DEBUG:root:Finish turn

DEBUG:root:Order:2 19 1
DEBUG:root:Order:2 4 2
DEBUG:root:Finish turn

DEBUG:root:Order:2 19 1
DEBUG:root:Finish turn

DEBUG:root:Order:2 19 8
DEBUG:root:Order:15 19 6
DEBUG:root:Order:4 19 5
DEBUG:root:Order:9 19 3
DEBUG:root:Finish turn

DEBUG:root:Order:2 19 3
DEBUG:root:Order:15 19 1
DEBUG:root:Finish turn

DEBUG:root:Order:2 19 2
DEBUG:root:Order:2 4 2
DEBUG:root:Finish turn

DEBUG:root:Order:9 6 46.0
DEBUG:root:Order:2 9 10
DEBUG:root:Order:4 9 10
DEBUG:root:Order:15 9 10
DEBUG:root:Order:19 9 7
DEBUG:root:Finish turn

DEBUG:root:Order:2 9 1
DEBUG:root:Order:2 19 1
DEBUG:root:Order:2 4 2
DEBUG:root:Finish turn

DEBUG:root:Order:2 5 3
DEBUG:root:Order:4 5 3
DEBUG:root:Order:15 5 3
DEBUG:root:Order:9 5 1
DEBUG:root:Finish turn

DEBUG:root:Order:2 19 1
DEBUG:root:Order:2 4 2
DEBUG:root:Finish turn

DEBUG:root:Order:2 19 1
DEBUG:root:Order:5 19 1
DEBUG:root:Order:5 9 1
DEBUG:root:Finish turn

DEBUG:root:Order:2 19 2
DEBUG:root:Order:2 9 1
DEBUG:root:Order:2 4 2
DEBUG:root:Order:5 4 1
DEBUG:root:Finish turn

DEBUG:root:Order:5 19 2
DEBUG:root:Order:5 9 1
DEBUG:root:Order:5 2 2
DEBUG:root:Order:4 2 1
DEBUG:root:Finish turn

DEBUG:root:Order:2 19 2
DEBUG:root:Order:2 9 1
DEBUG:root:Order:2 4 4
DEBUG:root:Finish turn

DEBUG:root:Order:4 19 2
DEBUG:root:Order:4 9 1
DEBUG:root:Order:4 2 2
DEBUG:root:Order:5 2 1
DEBUG:root:Finish turn

DEBUG:root:Order:2 4 3
DEBUG:root:Order:2 19 2
DEBUG:root:Order:2 9 1
DEBUG:root:Finish turn

DEBUG:root:Order:5 19 2
DEBUG:root:Order:5 4 1
DEBUG:root:Order:5 9 1
DEBUG:root:Finish turn

DEBUG:root:Order:19 11 54.0
DEBUG:root:Order:2 19 11
DEBUG:root:Order:5 19 11
DEBUG:root:Order:15 19 9
DEBUG:root:Order:4 19 7
DEBUG:root:Order:9 19 7
DEBUG:root:Finish turn

DEBUG:root:Order:2 19 2
DEBUG:root:Order:5 19 2
DEBUG:root:Order:5 4 2
DEBUG:root:Finish turn

DEBUG:root:Order:2 11 7
DEBUG:root:Order:4 11 5
DEBUG:root:Order:5 11 5
DEBUG:root:Order:15 11 5
DEBUG:root:Order:9 11 3
DEBUG:root:Order:19 11 2
DEBUG:root:Finish turn

DEBUG:root:Order:2 11 2
DEBUG:root:Order:5 11 1
DEBUG:root:Order:5 19 1
DEBUG:root:Order:5 4 2
DEBUG:root:Finish turn

DEBUG:root:Order:2 9 2
DEBUG:root:Finish turn

DEBUG:root:Order:2 19 2
DEBUG:root:Order:5 19 2
DEBUG:root:Order:11 19 1
DEBUG:root:Finish turn

DEBUG:root:Order:2 19 5
DEBUG:root:Order:5 19 5
DEBUG:root:Order:11 19 4
DEBUG:root:Order:15 19 3
DEBUG:root:Order:4 19 1
DEBUG:root:Order:9 19 1
DEBUG:root:Finish turn

DEBUG:root:Order:2 19 2
DEBUG:root:Order:5 19 2
DEBUG:root:Order:5 4 2
DEBUG:root:Order:11 4 1
DEBUG:root:Finish turn

DEBUG:root:Order:2 19 2
DEBUG:root:Order:2 9 1
DEBUG:root:Finish turn

DEBUG:root:Order:5 19 2
DEBUG:root:Order:11 19 1
DEBUG:root:Order:11 9 2
DEBUG:root:Finish turn

DEBUG:root:Order:2 19 2
DEBUG:root:Order:2 4 1
DEBUG:root:Order:2 9 1
DEBUG:root:Order:2 11 2
DEBUG:root:Order:5 11 1
DEBUG:root:Finish turn

DEBUG:root:Order:11 19 2
DEBUG:root:Order:11 2 1
DEBUG:root:Order:11 4 1
DEBUG:root:Order:11 9 1
DEBUG:root:Order:11 15 3
DEBUG:root:Order:5 15 2
DEBUG:root:Finish turn

DEBUG:root:Order:5 13 62.0
DEBUG:root:Order:15 5 13
DEBUG:root:Order:2 5 10
DEBUG:root:Order:4 5 7
DEBUG:root:Order:9 5 7
DEBUG:root:Order:19 5 6
DEBUG:root:Order:11 5 5
DEBUG:root:Finish turn

DEBUG:root:Order:2 19 1
DEBUG:root:Order:2 4 2
DEBUG:root:Order:11 4 1
DEBUG:root:Finish turn

DEBUG:root:Order:19 14 62.0
DEBUG:root:Order:2 19 10
DEBUG:root:Order:4 19 10
DEBUG:root:Order:5 19 10
DEBUG:root:Order:11 19 10
DEBUG:root:Order:15 19 9
DEBUG:root:Order:9 19 7
DEBUG:root:Finish turn

DEBUG:root:Order:2 6 15
DEBUG:root:Bad order:5 6.0 15
DEBUG:root:Order:11 6 14
DEBUG:root:Order:15 6 13
DEBUG:root:Order:4 6 12
DEBUG:root:Order:9 6 12
DEBUG:root:Finish turn

DEBUG:root:Order:5 6 16
DEBUG:root:Order:2 6 1
DEBUG:root:Order:2 4 1
DEBUG:root:Order:2 9 1
DEBUG:root:Order:2 15 1
DEBUG:root:Finish turn

DEBUG:root:Order:5 19 12
DEBUG:root:Bad order:6 5.0 11
DEBUG:root:Order:11 19 11
DEBUG:root:Order:15 19 10
DEBUG:root:Order:2 19 9
DEBUG:root:Order:4 19 8
DEBUG:root:Order:9 19 8
DEBUG:root:Finish turn

DEBUG:root:Bad order:6 0.0 12
DEBUG:root:Order:2 19 1
DEBUG:root:Order:5 19 1
DEBUG:root:Finish turn

DEBUG:root:Bad order:6 4.0 14
DEBUG:root:Order:2 19 2
DEBUG:root:Order:5 19 2
DEBUG:root:Order:11 19 1
DEBUG:root:Finish turn

DEBUG:root:Order:2 19 4
DEBUG:root:Order:5 19 4
DEBUG:root:Order:11 19 2
DEBUG:root:Order:11 4 1
DEBUG:root:Order:11 9 1
DEBUG:root:Finish turn

DEBUG:root:Order:2 19 2
DEBUG:root:Order:2 4 1
DEBUG:root:Order:2 9 1
DEBUG:root:Finish turn

DEBUG:root:Order:19 7 64.0
DEBUG:root:Order:5 19 13
DEBUG:root:Order:11 19 10
DEBUG:root:Order:15 19 10
DEBUG:root:Order:2 19 9
DEBUG:root:Order:4 19 7
DEBUG:root:Order:9 19 7
DEBUG:root:Finish turn

DEBUG:root:Order:2 19 2
DEBUG:root:Order:5 19 1
DEBUG:root:Order:5 4 2
DEBUG:root:Order:11 4 1
DEBUG:root:Finish turn

DEBUG:root:Order:2 14 15
DEBUG:root:Order:4 14 14
DEBUG:root:Order:5 14 14
DEBUG:root:Order:11 14 14
DEBUG:root:Order:15 14 13
DEBUG:root:Order:9 14 11
DEBUG:root:Order:19 14 10
DEBUG:root:Finish turn

DEBUG:root:Order:2 14 2
DEBUG:root:Order:2 19 1
DEBUG:root:Order:2 4 2
DEBUG:root:Order:5 4 2
DEBUG:root:Order:11 4 1
DEBUG:root:Finish turn

DEBUG:root:Order:4 19 3
DEBUG:root:Order:4 9 2
DEBUG:root:Order:4 2 1
DEBUG:root:Finish turn

DEBUG:root:Order:19 8 64.0
DEBUG:root:Order:5 19 13
DEBUG:root:Order:2 19 11
DEBUG:root:Order:11 19 11
DEBUG:root:Order:15 19 9
DEBUG:root:Order:9 19 8
DEBUG:root:Order:4 19 5
DEBUG:root:Finish turn

DEBUG:root:Order:2 19 1
DEBUG:root:Order:5 19 1
DEBUG:root:Order:5 4 1
DEBUG:root:Order:5 9 1
DEBUG:root:Order:5 15 1
DEBUG:root:Finish turn

DEBUG:root:Order:2 4 19
DEBUG:root:Order:11 4 18
DEBUG:root:Order:15 4 17
DEBUG:root:Order:15 9 17
DEBUG:root:Order:5 9 12
DEBUG:root:Finish turn

DEBUG:root:Order:19 15 12
DEBUG:root:Order:5 15 5
DEBUG:root:Order:5 4 2
DEBUG:root:Order:5 9 2
DEBUG:root:Finish turn

DEBUG:root:Order:2 19 2
DEBUG:root:Order:2 4 1
DEBUG:root:Order:2 5 1
DEBUG:root:Order:2 9 1
DEBUG:root:Order:2 15 3
DEBUG:root:Order:11 15 1
DEBUG:root:Finish turn

DEBUG:root:Order:19 17 69.0
DEBUG:root:Order:15 19 13
DEBUG:root:Order:5 19 11
DEBUG:root:Order:11 19 11
DEBUG:root:Order:4 19 8
DEBUG:root:Order:9 19 8
DEBUG:root:Order:2 19 7
DEBUG:root:Finish turn

DEBUG:root:Order:4 18 69.0
DEBUG:root:Order:2 4 18
DEBUG:root:Order:5 4 18
DEBUG:root:Order:11 4 17
DEBUG:root:Bad order:11 11.0 17
DEBUG:root:Bad order:15 5.0 16
DEBUG:root:Order:9 13 15
DEBUG:root:Order:19 13 10
DEBUG:root:Finish turn

DEBUG:root:Bad order:15 20.0 25
DEBUG:root:Order:2 8 11
DEBUG:root:Order:5 8 11
DEBUG:root:Order:11 8 10
DEBUG:root:Order:4 8 7
DEBUG:root:Bad order:19 5.0 7
DEBUG:root:Finish turn

DEBUG:root:Bad order:15 23.0 30
DEBUG:root:Order:19 14 10
DEBUG:root:Order:2 14 7
DEBUG:root:Order:5 14 7
DEBUG:root:Order:11 14 6
DEBUG:root:Order:4 14 4
DEBUG:root:Finish turn

DEBUG:root:Order:15 8 27
DEBUG:root:Bad order:15 0.0 6
DEBUG:root:Bad order:15 0.0 30
DEBUG:root:Order:2 4 2
DEBUG:root:Order:5 4 2
DEBUG:root:Order:11 4 1
DEBUG:root:Finish turn

DEBUG:root:Order:4 21 76.0
DEBUG:root:Bad order:15 3.0 13
DEBUG:root:Bad order:2 11.0 12
DEBUG:root:Bad order:5 11.0 12
DEBUG:root:Bad order:11 10.0 11
DEBUG:root:Bad order:8 4.0 7
DEBUG:root:Order:14 4 4
DEBUG:root:Finish turn

DEBUG:root:Order:2 4 14
DEBUG:root:Order:5 4 14
DEBUG:root:Bad order:15 9.0 13
DEBUG:root:Order:11 4 12
DEBUG:root:Order:8 4 5
DEBUG:root:Order:14 4 1
DEBUG:root:Finish turn

DEBUG:root:Order:15 4 12
DEBUG:root:Order:2 4 1
DEBUG:root:Order:5 4 1
DEBUG:root:Finish turn

DEBUG:root:Order:2 19 6
DEBUG:root:Order:5 19 6
DEBUG:root:Order:14 19 3
DEBUG:root:Order:14 11 5
DEBUG:root:Order:15 11 4
DEBUG:root:Bad order:15 0.0 4
DEBUG:root:Order:4 8 1
DEBUG:root:Finish turn

DEBUG:root:Order:7 17 42
DEBUG:root:Bad order:2 10.0 14
DEBUG:root:Bad order:5 10.0 14
DEBUG:root:Order:4 17 11
DEBUG:root:Order:8 17 10
DEBUG:root:Order:8 15 10
DEBUG:root:Order:14 15 10
DEBUG:root:Bad order:19 8.0 9
DEBUG:root:Finish turn

DEBUG:root:Bad order:2 15.0 16
DEBUG:root:Bad order:5 15.0 16
DEBUG:root:Order:19 15 7
DEBUG:root:Order:14 15 1
DEBUG:root:Order:17 15 1
DEBUG:root:Finish turn

DEBUG:root:Order:2 15 18
DEBUG:root:Order:5 15 5
DEBUG:root:Order:5 8 13
DEBUG:root:Bad order:5 2.0 3
DEBUG:root:Order:5 4 1
DEBUG:root:Order:5 19 1
DEBUG:root:Finish turn

DEBUG:root:Order:17 7 4
DEBUG:root:Order:17 8 1
DEBUG:root:Order:17 19 1
DEBUG:root:Order:17 4 5
DEBUG:root:Order:2 4 3
DEBUG:root:Order:5 4 1
DEBUG:root:Finish turn

DEBUG:root:Order:4 17 3
DEBUG:root:Order:4 7 2
DEBUG:root:Order:4 8 2
DEBUG:root:Order:4 19 2
DEBUG:root:Finish turn

DEBUG:root:Order:2 14 10
DEBUG:root:Order:5 14 10
DEBUG:root:Order:17 14 7
DEBUG:root:Order:15 14 6
DEBUG:root:Order:7 14 3
DEBUG:root:Order:8 14 3
DEBUG:root:Order:19 14 3
DEBUG:root:Finish turn

DEBUG:root:Order:2 18 2
DEBUG:root:Order:5 18 2
DEBUG:root:Order:17 18 1
DEBUG:root:Order:17 7 1
DEBUG:root:Order:17 8 1
DEBUG:root:Order:17 14 1
DEBUG:root:Order:17 19 1
DEBUG:root:Finish turn

DEBUG:root:Order:2 18 3
DEBUG:root:Order:5 18 3
DEBUG:root:Order:14 18 1
DEBUG:root:Order:15 18 1
DEBUG:root:Finish turn

DEBUG:root:Order:2 7 2
DEBUG:root:Order:5 7 1
DEBUG:root:Order:5 19 2
DEBUG:root:Order:17 19 1
DEBUG:root:Finish turn

DEBUG:root:Order:2 7 2
DEBUG:root:Order:2 19 2
DEBUG:root:Finish turn

DEBUG:root:Order:5 7 3
DEBUG:root:Order:5 19 3
DEBUG:root:Finish turn

DEBUG:root:Order:14 17 14
DEBUG:root:Order:2 17 12
DEBUG:root:Order:15 17 10
DEBUG:root:Order:5 17 9
DEBUG:root:Bad order:7 5.0 8
DEBUG:root:Order:19 17 8
DEBUG:root:Finish turn

DEBUG:root:Bad order:7 6.0 7
DEBUG:root:Order:2 21 3
DEBUG:root:Order:5 21 3
DEBUG:root:Order:14 21 2
DEBUG:root:Order:15 21 1
DEBUG:root:Order:17 21 1
DEBUG:root:Finish turn

DEBUG:root:Order:15 22 76.0
DEBUG:root:Bad order:7 7.0 14
DEBUG:root:Order:2 15 11
DEBUG:root:Order:5 15 11
DEBUG:root:Order:17 15 11
DEBUG:root:Order:14 15 10
DEBUG:root:Order:19 15 6
DEBUG:root:Finish turn

DEBUG:root:Bad order:7 11.0 12
DEBUG:root:Order:2 15 2
DEBUG:root:Order:5 15 2
DEBUG:root:Order:17 15 2
DEBUG:root:Order:14 15 1
DEBUG:root:Finish turn

DEBUG:root:Order:2 7 4
DEBUG:root:Order:5 7 4
DEBUG:root:Order:17 7 1
DEBUG:root:Order:17 15 4
DEBUG:root:Order:14 15 3
DEBUG:root:Finish turn

DEBUG:root:Order:2 19 2
DEBUG:root:Order:5 19 1
DEBUG:root:Order:5 7 2
DEBUG:root:Order:5 15 1
DEBUG:root:Finish turn

DEBUG:root:Order:17 7 3
DEBUG:root:Order:17 19 3
DEBUG:root:Order:17 15 1
DEBUG:root:Finish turn

DEBUG:root:Order:2 7 2
DEBUG:root:Order:2 17 2
DEBUG:root:Order:2 19 2
DEBUG:root:Order:2 15 3
DEBUG:root:Order:14 15 2
DEBUG:root:Order:5 15 1
DEBUG:root:Finish turn

DEBUG:root:Order:5 2 3
DEBUG:root:Order:5 7 2
DEBUG:root:Order:5 19 2
DEBUG:root:Finish turn

DEBUG:root:Order:17 19 6
DEBUG:root:Order:14 19 5
DEBUG:root:Order:2 19 4
DEBUG:root:Finish turn

DEBUG:root:Order:2 22 5
DEBUG:root:Order:5 22 5
DEBUG:root:Order:17 22 5
DEBUG:root:Order:14 22 4
DEBUG:root:Order:7 22 1
DEBUG:root:Finish turn

DEBUG:root:Order:2 22 6
DEBUG:root:Order:5 22 6
DEBUG:root:Order:17 22 6
DEBUG:root:Order:14 22 5
DEBUG:root:Order:7 22 1
DEBUG:root:Order:7 19 2
DEBUG:root:Finish turn

DEBUG:root:Order:2 15 12
DEBUG:root:Order:5 15 12
DEBUG:root:Order:17 15 12
DEBUG:root:Order:14 15 11
DEBUG:root:Order:19 15 9
DEBUG:root:Bad order:22 7.0 9
DEBUG:root:Order:7 15 7
DEBUG:root:Finish turn

DEBUG:root:Order:22 15 9
DEBUG:root:Order:2 15 2
DEBUG:root:Order:5 15 2
DEBUG:root:Order:17 15 2
DEBUG:root:Order:14 15 1
DEBUG:root:Finish turn

DEBUG:root:Order:5 2 7
DEBUG:root:Order:17 2 7
DEBUG:root:Order:14 2 6
DEBUG:root:Order:15 2 5
DEBUG:root:Order:22 2 5
DEBUG:root:Finish turn

DEBUG:root:Order:2 14 9
DEBUG:root:Order:5 14 9
DEBUG:root:Order:17 14 9
DEBUG:root:Order:15 14 7
DEBUG:root:Order:22 14 7
DEBUG:root:Finish turn

DEBUG:root:Order:17 5 12
DEBUG:root:Order:15 5 10
DEBUG:root:Bad order:22 9.0 10
DEBUG:root:Order:14 5 8
DEBUG:root:Bad order:19 1.0 8
DEBUG:root:Finish turn

DEBUG:root:Bad order:22 12.0 17
DEBUG:root:Order:14 17 8
DEBUG:root:Order:15 17 7
DEBUG:root:Bad order:19 2.0 6
DEBUG:root:Finish turn

DEBUG:root:Order:19 17 7
DEBUG:root:Bad order:19 2.0 6
DEBUG:root:Finish turn

DEBUG:root:Order:14 5 4
DEBUG:root:Order:15 5 1
DEBUG:root:Order:15 19 2
DEBUG:root:Finish turn

DEBUG:root:Order:5 19 1
DEBUG:root:Order:14 19 1
DEBUG:root:Order:14 15 1
DEBUG:root:Finish turn

DEBUG:root:Order:5 19 2
DEBUG:root:Finish turn

DEBUG:root:Order:5 19 6
DEBUG:root:Order:15 19 4
DEBUG:root:Finish turn

DEBUG:root:Order:15 22 26
DEBUG:root:Bad order:19 7.0 22
DEBUG:root:Finish turn

DEBUG:root:Bad order:19 8.0 21
DEBUG:root:Order:15 22 1
DEBUG:root:Finish turn

DEBUG:root:Bad order:19 9.0 20
DEBUG:root:Order:15 22 1
DEBUG:root:Finish turn

DEBUG:root:Bad order:19 14.0 18
DEBUG:root:Finish turn

DEBUG:root:Bad order:19 15.0 37
DEBUG:root:Order:15 2 21
DEBUG:root:Order:22 2 1
DEBUG:root:Finish turn

DEBUG:root:Bad order:19 17.0 35
DEBUG:root:Finish turn

DEBUG:root:Bad order:19 20.0 34
DEBUG:root:Order:15 2 1
DEBUG:root:Finish turn

DEBUG:root:Bad order:19 17.0 32
DEBUG:root:Finish turn

DEBUG:root:Order:19 2 11
DEBUG:root:Order:15 2 9
DEBUG:root:Finish turn

DEBUG:root:Order:2 19 1
DEBUG:root:Finish turn

DEBUG:root:Order:2 19 2
DEBUG:root:Finish turn

DEBUG:root:Order:2 19 2
DEBUG:root:Finish turn

DEBUG:root:Order:2 19 2
DEBUG:root:Finish turn

DEBUG:root:Order:2 19 2
DEBUG:root:Finish turn

DEBUG:root:Order:2 19 2
DEBUG:root:Finish turn

DEBUG:root:Order:2 19 2
DEBUG:root:Finish turn

DEBUG:root:Order:2 19 2
DEBUG:root:Finish turn

DEBUG:root:Finish turn

DEBUG:root:Finish turn

DEBUG:root:Finish turn

DEBUG:root:Finish turn

DEBUG:root:Finish turn

DEBUG:root:Finish turn

DEBUG:root:Finish turn

DEBUG:root:Finish turn

DEBUG:root:Finish turn

DEBUG:root:Finish turn

DEBUG:root:Finish turn

DEBUG:root:Finish turn

